2025-09-27 22:23:23,676 - GawkAnalyzer - INFO - Analysis application initialized
2025-09-27 22:23:23,831 - AttentionAnalyzer - INFO - Attention analyzer initialized
2025-09-27 22:31:15,614 - GawkAnalyzer - INFO - Analysis application initialized
2025-09-27 22:31:15,745 - AttentionAnalyzer - INFO - Attention analyzer initialized
2025-09-27 22:31:59,763 - AttentionAnalyzer - INFO - Starting analysis pipeline...
2025-09-27 22:31:59,763 - AttentionAnalyzer - INFO - Step 1: Processing webcam video...
2025-09-27 22:32:05,476 - AttentionAnalyzer - INFO - Processed 377 webcam frames
2025-09-27 22:32:05,476 - AttentionAnalyzer - INFO - Step 2: Processing screen video...
2025-09-27 22:32:05,542 - AttentionAnalyzer - ERROR - Analysis pipeline failed: name 'frame_count' is not defined
2025-09-27 22:32:54,536 - GawkAnalyzer - INFO - Analysis application initialized
2025-09-27 22:32:54,692 - AttentionAnalyzer - INFO - Attention analyzer initialized
2025-09-27 22:33:29,818 - AttentionAnalyzer - INFO - Starting analysis pipeline...
2025-09-27 22:33:29,818 - AttentionAnalyzer - INFO - Step 1: Processing webcam video...
2025-09-27 22:33:31,573 - AttentionAnalyzer - INFO - Processed 100 webcam frames...
2025-09-27 22:33:33,481 - AttentionAnalyzer - INFO - Processed 200 webcam frames...
2025-09-27 22:33:35,472 - AttentionAnalyzer - INFO - Processed 300 webcam frames...
2025-09-27 22:33:36,927 - AttentionAnalyzer - INFO - Processed 377 webcam frames
2025-09-27 22:33:36,927 - AttentionAnalyzer - INFO - Step 2: Processing screen video...
2025-09-27 22:33:37,003 - AttentionAnalyzer - ERROR - Analysis pipeline failed: name 'frame_count' is not defined
2025-09-27 22:40:21,370 - GawkAnalyzer - INFO - Analysis application initialized
2025-09-27 22:40:21,512 - AttentionAnalyzer - INFO - Attention analyzer initialized
2025-09-27 22:40:46,429 - AttentionAnalyzer - INFO - Extracted 10 pages from PDF using PyMuPDF
2025-09-27 22:40:46,429 - AttentionAnalyzer - INFO - Starting analysis pipeline...
2025-09-27 22:40:46,429 - AttentionAnalyzer - INFO - Step 1: Processing webcam video...
2025-09-27 22:40:47,960 - AttentionAnalyzer - INFO - Processed 100 webcam frames...
2025-09-27 22:40:49,385 - AttentionAnalyzer - INFO - Processed 200 webcam frames...
2025-09-27 22:40:50,818 - AttentionAnalyzer - INFO - Processed 300 webcam frames...
2025-09-27 22:40:51,897 - AttentionAnalyzer - INFO - Processed 377 webcam frames
2025-09-27 22:40:51,897 - AttentionAnalyzer - INFO - Step 2: Processing screen video...
2025-09-27 22:40:54,944 - AttentionAnalyzer - INFO - Processed 100 screen frames...
2025-09-27 22:40:57,723 - AttentionAnalyzer - INFO - Processed 200 screen frames...
2025-09-27 22:41:02,630 - AttentionAnalyzer - INFO - Processed 300 screen frames...
2025-09-27 22:41:06,106 - AttentionAnalyzer - INFO - Processed 377 screen frames
2025-09-27 22:41:06,106 - AttentionAnalyzer - INFO - Processed 377 screen frames
2025-09-27 22:41:06,106 - AttentionAnalyzer - INFO - Step 3: Synchronizing videos...
2025-09-27 22:41:06,132 - AttentionAnalyzer - INFO - Synchronized 377 frames
2025-09-27 22:41:06,132 - AttentionAnalyzer - INFO - Step 4: Mapping gaze to PDF regions...
2025-09-27 22:41:06,134 - AttentionAnalyzer - ERROR - Analysis pipeline failed: 'region'
2025-09-27 22:45:40,094 - GawkAnalyzer - INFO - Analysis application initialized
2025-09-27 22:45:40,230 - AttentionAnalyzer - INFO - Attention analyzer initialized
2025-09-27 22:46:06,299 - AttentionAnalyzer - INFO - Extracted 10 pages from PDF using PyMuPDF
2025-09-27 22:46:06,299 - AttentionAnalyzer - INFO - Starting analysis pipeline...
2025-09-27 22:46:06,299 - AttentionAnalyzer - INFO - Step 1: Processing webcam video...
2025-09-27 22:46:08,564 - AttentionAnalyzer - INFO - Processed 100 webcam frames...
2025-09-27 22:46:12,191 - AttentionAnalyzer - INFO - Processed 200 webcam frames...
2025-09-27 22:46:14,994 - AttentionAnalyzer - INFO - Processed 279 webcam frames
2025-09-27 22:46:14,994 - AttentionAnalyzer - INFO - Step 2: Processing screen video...
2025-09-27 22:46:18,475 - AttentionAnalyzer - INFO - Processed 100 screen frames...
2025-09-27 22:46:21,577 - AttentionAnalyzer - INFO - Processed 200 screen frames...
2025-09-27 22:46:24,012 - AttentionAnalyzer - INFO - Processed 279 screen frames
2025-09-27 22:46:24,012 - AttentionAnalyzer - INFO - Processed 279 screen frames
2025-09-27 22:46:24,012 - AttentionAnalyzer - INFO - Step 3: Synchronizing videos...
2025-09-27 22:46:24,034 - AttentionAnalyzer - INFO - Synchronized 279 frames
2025-09-27 22:46:24,034 - AttentionAnalyzer - INFO - Step 4: Mapping gaze to PDF regions...
2025-09-27 22:46:24,034 - AttentionAnalyzer - ERROR - Analysis pipeline failed: 'region'
2025-09-27 22:47:50,192 - GawkAnalyzer - INFO - Analysis application initialized
2025-09-27 22:47:50,299 - AttentionAnalyzer - INFO - Attention analyzer initialized
2025-09-27 22:48:13,626 - AttentionAnalyzer - INFO - Extracted 10 pages from PDF using PyMuPDF
2025-09-27 22:48:13,626 - AttentionAnalyzer - INFO - Starting analysis pipeline...
2025-09-27 22:48:13,626 - AttentionAnalyzer - INFO - Step 1: Processing webcam video...
2025-09-27 22:48:15,614 - AttentionAnalyzer - INFO - Processed 100 webcam frames...
2025-09-27 22:48:18,592 - AttentionAnalyzer - INFO - Processed 200 webcam frames...
2025-09-27 22:48:21,380 - AttentionAnalyzer - INFO - Processed 279 webcam frames
2025-09-27 22:48:21,380 - AttentionAnalyzer - INFO - Step 2: Processing screen video...
2025-09-27 22:48:24,824 - AttentionAnalyzer - INFO - Processed 100 screen frames...
2025-09-27 22:48:27,913 - AttentionAnalyzer - INFO - Processed 200 screen frames...
2025-09-27 22:48:30,255 - AttentionAnalyzer - INFO - Processed 279 screen frames
2025-09-27 22:48:30,255 - AttentionAnalyzer - INFO - Processed 279 screen frames
2025-09-27 22:48:30,255 - AttentionAnalyzer - INFO - Step 3: Synchronizing videos...
2025-09-27 22:48:30,273 - AttentionAnalyzer - INFO - Synchronized 279 frames
2025-09-27 22:48:30,273 - AttentionAnalyzer - INFO - Step 4: Mapping gaze to PDF regions...
2025-09-27 22:48:30,273 - AttentionAnalyzer - INFO - Created 0 gaze mappings
2025-09-27 22:48:30,273 - AttentionAnalyzer - INFO - Step 5: Calculating confusion scores...
2025-09-27 22:48:30,276 - AttentionAnalyzer - INFO - Calculated 279 confusion scores
2025-09-27 22:48:30,277 - AttentionAnalyzer - INFO - Step 6: Generating heatmaps...
2025-09-27 22:48:30,277 - AttentionAnalyzer - INFO - Generated 0 heatmaps
2025-09-27 22:48:30,277 - AttentionAnalyzer - INFO - Step 7: Generating insights...
2025-09-27 22:48:30,277 - AttentionAnalyzer - INFO - Insights generated successfully
2025-09-27 22:48:30,403 - AttentionAnalyzer - INFO - Analysis pipeline completed successfully!
2025-09-27 22:52:18,969 - GawkAnalyzer - INFO - Analysis application initialized
2025-09-27 22:52:19,125 - AttentionAnalyzer - INFO - Attention analyzer initialized
2025-09-27 22:52:41,502 - AttentionAnalyzer - INFO - Extracted 10 pages from PDF using PyMuPDF
2025-09-27 22:52:41,511 - AttentionAnalyzer - INFO - Starting analysis pipeline...
2025-09-27 22:52:41,511 - AttentionAnalyzer - INFO - Step 1: Processing webcam video...
2025-09-27 22:52:43,793 - AttentionAnalyzer - INFO - Processed 100 webcam frames...
2025-09-27 22:52:45,940 - AttentionAnalyzer - INFO - Processed 200 webcam frames...
2025-09-27 22:52:47,472 - AttentionAnalyzer - INFO - Processed 279 webcam frames
2025-09-27 22:52:47,472 - AttentionAnalyzer - INFO - Step 2: Processing screen video...
2025-09-27 22:52:49,940 - AttentionAnalyzer - INFO - Processed 100 screen frames...
2025-09-27 22:52:52,448 - AttentionAnalyzer - INFO - Processed 200 screen frames...
2025-09-27 22:52:54,211 - AttentionAnalyzer - INFO - Processed 279 screen frames
2025-09-27 22:52:54,211 - AttentionAnalyzer - INFO - Processed 279 screen frames
2025-09-27 22:52:54,211 - AttentionAnalyzer - INFO - Step 3: Synchronizing videos...
2025-09-27 22:52:54,218 - AttentionAnalyzer - INFO - Synchronized 279 frames
2025-09-27 22:52:54,218 - AttentionAnalyzer - INFO - Step 4: Mapping gaze to PDF regions...
2025-09-27 22:52:54,218 - AttentionAnalyzer - INFO - Created 266 gaze mappings
2025-09-27 22:52:54,218 - AttentionAnalyzer - INFO - Step 5: Calculating confusion scores...
2025-09-27 22:52:54,228 - AttentionAnalyzer - INFO - Calculated 279 confusion scores
2025-09-27 22:52:54,228 - AttentionAnalyzer - INFO - Step 6: Generating heatmaps...
2025-09-27 22:52:56,150 - AttentionAnalyzer - INFO - Generated 3 heatmaps
2025-09-27 22:52:56,150 - AttentionAnalyzer - INFO - Step 7: Generating insights...
2025-09-27 22:52:56,150 - AttentionAnalyzer - INFO - Insights generated successfully
2025-09-27 22:52:56,250 - AttentionAnalyzer - INFO - Analysis pipeline completed successfully!
